app/build/outputs/logs/manifest-merger-debug-report.txt
-- Merging decision tree log ---
provider#androidx.core.content.FileProvider
INJECTED from src\main\AndroidManifest.xml:47:9-55:20
	android:grantUriPermissions
		ADDED from src\main\AndroidManifest.xml:51:13-47
	android:authorities
		INJECTED from src\main\AndroidManifest.xml
		ADDED from src\main\AndroidManifest.xml:49:13-60
	android:exported
		ADDED from src\main\AndroidManifest.xml:50:13-37
	android:name
		ADDED from src\main\AndroidManifest.xml:48:13-62
manifest
ADDED from src\main\AndroidManifest.xml:2:1-62:12
INJECTED from src\main\AndroidManifest.xml:2:1-62:12
INJECTED from src\main\AndroidManifest.xml:2:1-62:12
INJECTED from src\main\AndroidManifest.xml:2:1-62:12
MERGED from [androidx.databinding:databinding-adapters:3.6.3] AndroidManifest.xml:17:1-24:12
MERGED from [androidx.databinding:databinding-runtime:3.6.3] AndroidManifest.xml:17:1-24:12
MERGED from [com.google.android.material:material:1.0.0] AndroidManifest.xml:17:1-24:12
MERGED from [androidx.cardview:cardview:1.0.0] AndroidManifest.xml:17:1-22:12
MERGED from [androidx.preference:preference:1.0.0] AndroidManifest.xml:17:1-22:12
MERGED from [androidx.recyclerview:recyclerview:1.0.0] AndroidManifest.xml:17:1-22:12
MERGED from [de.psdev.licensesdialog:licensesdialog:1.8.3] AndroidManifest.xml:16:6-20:12
MERGED from [com.astuetz:pagerslidingtabstrip:1.0.1] AndroidManifest.xml:1:1-5:12
MERGED from [androidx.legacy:legacy-support-v4:1.0.0] AndroidManifest.xml:17:1-22:12
MERGED from [com.heinrichreimersoftware:material-intro:1.6] AndroidManifest.xml:2:1-12:12
MERGED from [com.github.onurkagan:ktoast:1.0.3] AndroidManifest.xml:2:1-11:12
MERGED from [com.theartofdev.edmodo:android-image-cropper:2.8.0] AndroidManifest.xml:2:1-11:12
MERGED from [androidx.appcompat:appcompat:1.1.0-alpha02] AndroidManifest.xml:17:1-22:12
MERGED from [androidx.vectordrawable:vectordrawable-animated:1.0.0] AndroidManifest.xml:17:1-22:12
MERGED from [androidx.legacy:legacy-support-core-ui:1.0.0] AndroidManifest.xml:17:1-22:12
MERGED from [androidx.coordinatorlayout:coordinatorlayout:1.0.0] AndroidManifest.xml:17:1-22:12
MERGED from [androidx.drawerlayout:drawerlayout:1.0.0] AndroidManifest.xml:17:1-22:12
MERGED from [androidx.exifinterface:exifinterface:1.0.0] AndroidManifest.xml:17:1-22:12
MERGED from [androidx.fragment:fragment:1.1.0-alpha04] AndroidManifest.xml:17:1-22:12
MERGED from [androidx.viewpager:viewpager:1.0.0] AndroidManifest.xml:17:1-22:12
MERGED from [androidx.databinding:viewbinding:3.6.3] AndroidManifest.xml:17:1-22:12
MERGED from [androidx.legacy:legacy-support-core-utils:1.0.0] AndroidManifest.xml:17:1-22:12
MERGED from [androidx.slidingpanelayout:slidingpanelayout:1.0.0] AndroidManifest.xml:17:1-22:12
MERGED from [androidx.customview:customview:1.0.0] AndroidManifest.xml:17:1-22:12
MERGED from [androidx.loader:loader:1.0.0] AndroidManifest.xml:17:1-22:12
MERGED from [androidx.transition:transition:1.0.0] AndroidManifest.xml:17:1-22:12
MERGED from [androidx.swiperefreshlayout:swiperefreshlayout:1.0.0] AndroidManifest.xml:17:1-22:12
MERGED from [androidx.asynclayoutinflater:asynclayoutinflater:1.0.0] AndroidManifest.xml:17:1-22:12
MERGED from [androidx.media:media:1.0.0] AndroidManifest.xml:17:1-22:12
MERGED from [androidx.vectordrawable:vectordrawable:1.0.1] AndroidManifest.xml:17:1-22:12
MERGED from [androidx.activity:activity:1.0.0-alpha04] AndroidManifest.xml:17:1-22:12
MERGED from [androidx.core:core:1.1.0-alpha04] AndroidManifest.xml:17:1-24:12
MERGED from [androidx.lifecycle:lifecycle-runtime:2.0.0] AndroidManifest.xml:17:1-22:12
MERGED from [androidx.lifecycle:lifecycle-livedata:2.0.0] AndroidManifest.xml:17:1-22:12
MERGED from [androidx.lifecycle:lifecycle-livedata-core:2.0.0] AndroidManifest.xml:17:1-22:12
MERGED from [androidx.arch.core:core-runtime:2.0.0] AndroidManifest.xml:17:1-22:12
MERGED from [androidx.savedstate:savedstate-bundle:1.0.0-alpha01] AndroidManifest.xml:17:1-22:12
MERGED from [androidx.documentfile:documentfile:1.0.0] AndroidManifest.xml:17:1-22:12
MERGED from [androidx.localbroadcastmanager:localbroadcastmanager:1.0.0] AndroidManifest.xml:17:1-22:12
MERGED from [androidx.print:print:1.0.0] AndroidManifest.xml:17:1-22:12
MERGED from [androidx.interpolator:interpolator:1.0.0] AndroidManifest.xml:17:1-22:12
MERGED from [androidx.cursoradapter:cursoradapter:1.0.0] AndroidManifest.xml:17:1-22:12
MERGED from [androidx.versionedparcelable:versionedparcelable:1.1.0-alpha01] AndroidManifest.xml:17:1-25:12
MERGED from [androidx.lifecycle:lifecycle-viewmodel:2.1.0-alpha02] AndroidManifest.xml:17:1-22:12
MERGED from [com.ogaclejapan.smarttablayout:library:2.0.0] AndroidManifest.xml:2:1-11:12
MERGED from [com.ogaclejapan.smarttablayout:utils-v4:2.0.0] AndroidManifest.xml:2:1-11:12
MERGED from [com.github.lzyzsd:circleprogress:1.2.1] AndroidManifest.xml:2:1-12:12
MERGED from [com.mikhaellopez:circularimageview:3.2.0] AndroidManifest.xml:2:1-11:12
MERGED from [com.github.f0ris.sweetalert:library:1.5.6] AndroidManifest.xml:2:1-13:12
MERGED from [com.github.ivbaranov:materialfavoritebutton:0.1.5] AndroidManifest.xml:2:1-10:12
MERGED from [androidx.constraintlayout:constraintlayout:1.1.3] AndroidManifest.xml:2:1-11:12
MERGED from [com.pnikosis:materialish-progress:1.7] AndroidManifest.xml:2:1-13:12
INJECTED from src\main\AndroidManifest.xml:2:1-62:12
INJECTED from src\main\AndroidManifest.xml:2:1-62:12
INJECTED from src\main\AndroidManifest.xml:2:1-62:12
	package
		ADDED from src\main\AndroidManifest.xml:4:5-29
		INJECTED from src\main\AndroidManifest.xml
		INJECTED from src\main\AndroidManifest.xml
	android:versionName
		INJECTED from src\main\AndroidManifest.xml
		ADDED from src\main\AndroidManifest.xml:2:1-62:12
		INJECTED from src\main\AndroidManifest.xml
	xmlns:tools
		ADDED from src\main\AndroidManifest.xml:3:5-51
	android:versionCode
		INJECTED from src\main\AndroidManifest.xml
		ADDED from src\main\AndroidManifest.xml:2:1-62:12
		INJECTED from src\main\AndroidManifest.xml
	xmlns:android
		ADDED from src\main\AndroidManifest.xml:2:11-69
uses-permission#android.permission.VIBRATE
ADDED from src\main\AndroidManifest.xml:6:5-66
	android:name
		ADDED from src\main\AndroidManifest.xml:6:22-63
uses-permission#android.permission.READ_EXTERNAL_STORAGE
ADDED from src\main\AndroidManifest.xml:7:5-80
	android:name
		ADDED from src\main\AndroidManifest.xml:7:22-77
uses-permission#android.permission.WRITE_EXTERNAL_STORAGE
ADDED from src\main\AndroidManifest.xml:8:5-81
	android:name
		ADDED from src\main\AndroidManifest.xml:8:22-78
uses-permission#android.permission.ACTION_HEADSET_PLUG
ADDED from src\main\AndroidManifest.xml:9:5-78
	android:name
		ADDED from src\main\AndroidManifest.xml:9:22-75
uses-permission#android.permission.CAMERA
ADDED from src\main\AndroidManifest.xml:10:5-65
	android:name
		ADDED from src\main\AndroidManifest.xml:10:22-62
uses-feature#android.hardware.camera
ADDED from src\main\AndroidManifest.xml:12:5-14:36
	android:required
		ADDED from src\main\AndroidManifest.xml:14:9-33
	android:name
		ADDED from src\main\AndroidManifest.xml:13:9-47
application
ADDED from src\main\AndroidManifest.xml:16:5-61:19
MERGED from [com.google.android.material:material:1.0.0] AndroidManifest.xml:22:5-20
MERGED from [com.google.android.material:material:1.0.0] AndroidManifest.xml:22:5-20
MERGED from [de.psdev.licensesdialog:licensesdialog:1.8.3] AndroidManifest.xml:19:5-19
MERGED from [de.psdev.licensesdialog:licensesdialog:1.8.3] AndroidManifest.xml:19:5-19
MERGED from [com.astuetz:pagerslidingtabstrip:1.0.1] AndroidManifest.xml:4:5-19
MERGED from [com.astuetz:pagerslidingtabstrip:1.0.1] AndroidManifest.xml:4:5-19
MERGED from [androidx.core:core:1.1.0-alpha04] AndroidManifest.xml:22:5-89
MERGED from [androidx.core:core:1.1.0-alpha04] AndroidManifest.xml:22:5-89
MERGED from [androidx.versionedparcelable:versionedparcelable:1.1.0-alpha01] AndroidManifest.xml:22:5-23:19
MERGED from [androidx.versionedparcelable:versionedparcelable:1.1.0-alpha01] AndroidManifest.xml:22:5-23:19
MERGED from [com.github.f0ris.sweetalert:library:1.5.6] AndroidManifest.xml:11:5-20
MERGED from [com.github.f0ris.sweetalert:library:1.5.6] AndroidManifest.xml:11:5-20
MERGED from [androidx.constraintlayout:constraintlayout:1.1.3] AndroidManifest.xml:9:5-20
MERGED from [androidx.constraintlayout:constraintlayout:1.1.3] AndroidManifest.xml:9:5-20
MERGED from [com.pnikosis:materialish-progress:1.7] AndroidManifest.xml:11:5-20
MERGED from [com.pnikosis:materialish-progress:1.7] AndroidManifest.xml:11:5-20
	android:appComponentFactory
		ADDED from [androidx.core:core:1.1.0-alpha04] AndroidManifest.xml:22:18-86
	android:label
		ADDED from src\main\AndroidManifest.xml:19:9-41
	android:icon
		ADDED from src\main\AndroidManifest.xml:18:9-43
	android:allowBackup
		ADDED from src\main\AndroidManifest.xml:17:9-35
	android:theme
		ADDED from src\main\AndroidManifest.xml:20:9-40
	tools:replace
		ADDED from src\main\AndroidManifest.xml:21:9-37
activity#com.pillhelper.MainActivity
ADDED from src\main\AndroidManifest.xml:22:9-31:20
	android:label
		ADDED from src\main\AndroidManifest.xml:25:13-45
	android:windowSoftInputMode
		ADDED from src\main\AndroidManifest.xml:26:13-57
	android:configChanges
		ADDED from src\main\AndroidManifest.xml:24:13-59
	android:name
		ADDED from src\main\AndroidManifest.xml:23:13-55
intent-filter#action:name:android.intent.action.MAIN+category:name:android.intent.category.LAUNCHER
ADDED from src\main\AndroidManifest.xml:27:13-30:29
action#android.intent.action.MAIN
ADDED from src\main\AndroidManifest.xml:28:17-69
	android:name
		ADDED from src\main\AndroidManifest.xml:28:25-66
category#android.intent.category.LAUNCHER
ADDED from src\main\AndroidManifest.xml:29:17-77
	android:name
		ADDED from src\main\AndroidManifest.xml:29:27-74
activity#com.pillhelper.intro.MainIntroActivity
ADDED from src\main\AndroidManifest.xml:32:9-34:50
	android:theme
		ADDED from src\main\AndroidManifest.xml:34:13-47
	android:name
		ADDED from src\main\AndroidManifest.xml:33:13-66
activity#com.theartofdev.edmodo.cropper.CropImageActivity
ADDED from src\main\AndroidManifest.xml:35:9-37:59
	android:theme
		ADDED from src\main\AndroidManifest.xml:37:13-56
	android:name
		ADDED from src\main\AndroidManifest.xml:36:13-76
meta-data#firebase_crash_collection_enabled
ADDED from src\main\AndroidManifest.xml:43:9-45:60
	android:value
		ADDED from src\main\AndroidManifest.xml:45:13-57
	android:name
		ADDED from src\main\AndroidManifest.xml:44:13-61
receiver#com.pillhelper.utils.AlarmReceiver
ADDED from src\main\AndroidManifest.xml:57:9-59:41
	android:process
		ADDED from src\main\AndroidManifest.xml:59:13-38
	android:name
		ADDED from src\main\AndroidManifest.xml:58:13-62
uses-sdk
INJECTED from src\main\AndroidManifest.xml reason: use-sdk injection requested
INJECTED from src\main\AndroidManifest.xml
INJECTED from src\main\AndroidManifest.xml
MERGED from [androidx.databinding:databinding-adapters:3.6.3] AndroidManifest.xml:22:5-44
MERGED from [androidx.databinding:databinding-adapters:3.6.3] AndroidManifest.xml:22:5-44
MERGED from [androidx.databinding:databinding-runtime:3.6.3] AndroidManifest.xml:22:5-44
MERGED from [androidx.databinding:databinding-runtime:3.6.3] AndroidManifest.xml:22:5-44
MERGED from [com.google.android.material:material:1.0.0] AndroidManifest.xml:20:5-44
MERGED from [com.google.android.material:material:1.0.0] AndroidManifest.xml:20:5-44
MERGED from [androidx.cardview:cardview:1.0.0] AndroidManifest.xml:20:5-44
MERGED from [androidx.cardview:cardview:1.0.0] AndroidManifest.xml:20:5-44
MERGED from [androidx.preference:preference:1.0.0] AndroidManifest.xml:20:5-44
MERGED from [androidx.preference:preference:1.0.0] AndroidManifest.xml:20:5-44
MERGED from [androidx.recyclerview:recyclerview:1.0.0] AndroidManifest.xml:20:5-44
MERGED from [androidx.recyclerview:recyclerview:1.0.0] AndroidManifest.xml:20:5-44
MERGED from [de.psdev.licensesdialog:licensesdialog:1.8.3] AndroidManifest.xml:18:5-72
MERGED from [de.psdev.licensesdialog:licensesdialog:1.8.3] AndroidManifest.xml:18:5-72
MERGED from [com.astuetz:pagerslidingtabstrip:1.0.1] AndroidManifest.xml:2:5-72
MERGED from [com.astuetz:pagerslidingtabstrip:1.0.1] AndroidManifest.xml:2:5-72
MERGED from [androidx.legacy:legacy-support-v4:1.0.0] AndroidManifest.xml:20:5-44
MERGED from [androidx.legacy:legacy-support-v4:1.0.0] AndroidManifest.xml:20:5-44
MERGED from [com.heinrichreimersoftware:material-intro:1.6] AndroidManifest.xml:8:5-10:41
MERGED from [com.heinrichreimersoftware:material-intro:1.6] AndroidManifest.xml:8:5-10:41
MERGED from [com.github.onurkagan:ktoast:1.0.3] AndroidManifest.xml:7:5-9:41
MERGED from [com.github.onurkagan:ktoast:1.0.3] AndroidManifest.xml:7:5-9:41
MERGED from [com.theartofdev.edmodo:android-image-cropper:2.8.0] AndroidManifest.xml:7:5-9:41
MERGED from [com.theartofdev.edmodo:android-image-cropper:2.8.0] AndroidManifest.xml:7:5-9:41
MERGED from [androidx.appcompat:appcompat:1.1.0-alpha02] AndroidManifest.xml:20:5-44
MERGED from [androidx.appcompat:appcompat:1.1.0-alpha02] AndroidManifest.xml:20:5-44
MERGED from [androidx.vectordrawable:vectordrawable-animated:1.0.0] AndroidManifest.xml:20:5-44
MERGED from [androidx.vectordrawable:vectordrawable-animated:1.0.0] AndroidManifest.xml:20:5-44
MERGED from [androidx.legacy:legacy-support-core-ui:1.0.0] AndroidManifest.xml:20:5-44
MERGED from [androidx.legacy:legacy-support-core-ui:1.0.0] AndroidManifest.xml:20:5-44
MERGED from [androidx.coordinatorlayout:coordinatorlayout:1.0.0] AndroidManifest.xml:20:5-44
MERGED from [androidx.coordinatorlayout:coordinatorlayout:1.0.0] AndroidManifest.xml:20:5-44
MERGED from [androidx.drawerlayout:drawerlayout:1.0.0] AndroidManifest.xml:20:5-44
MERGED from [androidx.drawerlayout:drawerlayout:1.0.0] AndroidManifest.xml:20:5-44
MERGED from [androidx.exifinterface:exifinterface:1.0.0] AndroidManifest.xml:20:5-44
MERGED from [androidx.exifinterface:exifinterface:1.0.0] AndroidManifest.xml:20:5-44
MERGED from [androidx.fragment:fragment:1.1.0-alpha04] AndroidManifest.xml:20:5-44
MERGED from [androidx.fragment:fragment:1.1.0-alpha04] AndroidManifest.xml:20:5-44
MERGED from [androidx.viewpager:viewpager:1.0.0] AndroidManifest.xml:20:5-44
MERGED from [androidx.viewpager:viewpager:1.0.0] AndroidManifest.xml:20:5-44
MERGED from [androidx.databinding:viewbinding:3.6.3] AndroidManifest.xml:20:5-44
MERGED from [androidx.databinding:viewbinding:3.6.3] AndroidManifest.xml:20:5-44
MERGED from [androidx.legacy:legacy-support-core-utils:1.0.0] AndroidManifest.xml:20:5-44
MERGED from [androidx.legacy:legacy-support-core-utils:1.0.0] AndroidManifest.xml:20:5-44
MERGED from [androidx.slidingpanelayout:slidingpanelayout:1.0.0] AndroidManifest.xml:20:5-44
MERGED from [androidx.slidingpanelayout:slidingpanelayout:1.0.0] AndroidManifest.xml:20:5-44
MERGED from [androidx.customview:customview:1.0.0] AndroidManifest.xml:20:5-44
MERGED from [androidx.customview:customview:1.0.0] AndroidManifest.xml:20:5-44
MERGED from [androidx.loader:loader:1.0.0] AndroidManifest.xml:20:5-44
MERGED from [androidx.loader:loader:1.0.0] AndroidManifest.xml:20:5-44
MERGED from [androidx.transition:transition:1.0.0] AndroidManifest.xml:20:5-44
MERGED from [androidx.transition:transition:1.0.0] AndroidManifest.xml:20:5-44
MERGED from [androidx.swiperefreshlayout:swiperefreshlayout:1.0.0] AndroidManifest.xml:20:5-44
MERGED from [androidx.swiperefreshlayout:swiperefreshlayout:1.0.0] AndroidManifest.xml:20:5-44
MERGED from [androidx.asynclayoutinflater:asynclayoutinflater:1.0.0] AndroidManifest.xml:20:5-44
MERGED from [androidx.asynclayoutinflater:asynclayoutinflater:1.0.0] AndroidManifest.xml:20:5-44
MERGED from [androidx.media:media:1.0.0] AndroidManifest.xml:20:5-44
MERGED from [androidx.media:media:1.0.0] AndroidManifest.xml:20:5-44
MERGED from [androidx.vectordrawable:vectordrawable:1.0.1] AndroidManifest.xml:20:5-44
MERGED from [androidx.vectordrawable:vectordrawable:1.0.1] AndroidManifest.xml:20:5-44
MERGED from [androidx.activity:activity:1.0.0-alpha04] AndroidManifest.xml:20:5-44
MERGED from [androidx.activity:activity:1.0.0-alpha04] AndroidManifest.xml:20:5-44
MERGED from [androidx.core:core:1.1.0-alpha04] AndroidManifest.xml:20:5-44
MERGED from [androidx.core:core:1.1.0-alpha04] AndroidManifest.xml:20:5-44
MERGED from [androidx.lifecycle:lifecycle-runtime:2.0.0] AndroidManifest.xml:20:5-44
MERGED from [androidx.lifecycle:lifecycle-runtime:2.0.0] AndroidManifest.xml:20:5-44
MERGED from [androidx.lifecycle:lifecycle-livedata:2.0.0] AndroidManifest.xml:20:5-44
MERGED from [androidx.lifecycle:lifecycle-livedata:2.0.0] AndroidManifest.xml:20:5-44
MERGED from [androidx.lifecycle:lifecycle-livedata-core:2.0.0] AndroidManifest.xml:20:5-44
MERGED from [androidx.lifecycle:lifecycle-livedata-core:2.0.0] AndroidManifest.xml:20:5-44
MERGED from [androidx.arch.core:core-runtime:2.0.0] AndroidManifest.xml:20:5-44
MERGED from [androidx.arch.core:core-runtime:2.0.0] AndroidManifest.xml:20:5-44
MERGED from [androidx.savedstate:savedstate-bundle:1.0.0-alpha01] AndroidManifest.xml:20:5-44
MERGED from [androidx.savedstate:savedstate-bundle:1.0.0-alpha01] AndroidManifest.xml:20:5-44
MERGED from [androidx.documentfile:documentfile:1.0.0] AndroidManifest.xml:20:5-44
MERGED from [androidx.documentfile:documentfile:1.0.0] AndroidManifest.xml:20:5-44
MERGED from [androidx.localbroadcastmanager:localbroadcastmanager:1.0.0] AndroidManifest.xml:20:5-44
MERGED from [androidx.localbroadcastmanager:localbroadcastmanager:1.0.0] AndroidManifest.xml:20:5-44
MERGED from [androidx.print:print:1.0.0] AndroidManifest.xml:20:5-44
MERGED from [androidx.print:print:1.0.0] AndroidManifest.xml:20:5-44
MERGED from [androidx.interpolator:interpolator:1.0.0] AndroidManifest.xml:20:5-44
MERGED from [androidx.interpolator:interpolator:1.0.0] AndroidManifest.xml:20:5-44
MERGED from [androidx.cursoradapter:cursoradapter:1.0.0] AndroidManifest.xml:20:5-44
MERGED from [androidx.cursoradapter:cursoradapter:1.0.0] AndroidManifest.xml:20:5-44
MERGED from [androidx.versionedparcelable:versionedparcelable:1.1.0-alpha01] AndroidManifest.xml:20:5-44
MERGED from [androidx.versionedparcelable:versionedparcelable:1.1.0-alpha01] AndroidManifest.xml:20:5-44
MERGED from [androidx.lifecycle:lifecycle-viewmodel:2.1.0-alpha02] AndroidManifest.xml:20:5-44
MERGED from [androidx.lifecycle:lifecycle-viewmodel:2.1.0-alpha02] AndroidManifest.xml:20:5-44
MERGED from [com.ogaclejapan.smarttablayout:library:2.0.0] AndroidManifest.xml:7:5-9:41
MERGED from [com.ogaclejapan.smarttablayout:library:2.0.0] AndroidManifest.xml:7:5-9:41
MERGED from [com.ogaclejapan.smarttablayout:utils-v4:2.0.0] AndroidManifest.xml:7:5-9:41
MERGED from [com.ogaclejapan.smarttablayout:utils-v4:2.0.0] AndroidManifest.xml:7:5-9:41
MERGED from [com.github.lzyzsd:circleprogress:1.2.1] AndroidManifest.xml:8:5-10:41
MERGED from [com.github.lzyzsd:circleprogress:1.2.1] AndroidManifest.xml:8:5-10:41
MERGED from [com.mikhaellopez:circularimageview:3.2.0] AndroidManifest.xml:7:5-9:41
MERGED from [com.mikhaellopez:circularimageview:3.2.0] AndroidManifest.xml:7:5-9:41
MERGED from [com.github.f0ris.sweetalert:library:1.5.6] AndroidManifest.xml:7:5-9:41
MERGED from [com.github.f0ris.sweetalert:library:1.5.6] AndroidManifest.xml:7:5-9:41
MERGED from [com.github.ivbaranov:materialfavoritebutton:0.1.5] AndroidManifest.xml:6:5-8:41
MERGED from [com.github.ivbaranov:materialfavoritebutton:0.1.5] AndroidManifest.xml:6:5-8:41
MERGED from [androidx.constraintlayout:constraintlayout:1.1.3] AndroidManifest.xml:5:5-7:41
MERGED from [androidx.constraintlayout:constraintlayout:1.1.3] AndroidManifest.xml:5:5-7:41
MERGED from [com.pnikosis:materialish-progress:1.7] AndroidManifest.xml:7:5-9:41
MERGED from [com.pnikosis:materialish-progress:1.7] AndroidManifest.xml:7:5-9:41
INJECTED from src\main\AndroidManifest.xml
INJECTED from src\main\AndroidManifest.xml
	android:targetSdkVersion
		INJECTED from src\main\AndroidManifest.xml
		ADDED from src\main\AndroidManifest.xml
		INJECTED from src\main\AndroidManifest.xml
	android:minSdkVersion
		INJECTED from src\main\AndroidManifest.xml
		ADDED from src\main\AndroidManifest.xml
		INJECTED from src\main\AndroidManifest.xml
meta-data#android.support.FILE_PROVIDER_PATHS
ADDED from src\main\AndroidManifest.xml:52:13-54:58
	android:resource
		ADDED from src\main\AndroidManifest.xml:54:17-55
	android:name
		ADDED from src\main\AndroidManifest.xml:53:17-67